<?xml version="1.0" encoding="UTF-8"?>
<!-- Generated by org.testng.reporters.JUnitReportReporter -->
<testsuite skipped="0" hostname="C-104" name="TestCases.TestCases" tests="2" failures="0" timestamp="20 Nov 2019 07:57:08 GMT" time="24.862" errors="0">
  <testcase name="Login" time="19.689" classname="TestCases.TestCases"/>
  <testcase name="DataValidation" time="5.173" classname="TestCases.TestCases"/>
</testsuite> <!-- TestCases.TestCases -->
